TN:
SF:/Users/jonathanfmills/Documents/Pluralsight/courses/Mocha/course/Module 5/GitChecker/gitChecker/controllers/gitController.js
FN:3,(anonymous_1)
FN:4,(anonymous_2)
FN:7,(anonymous_3)
FNF:3
FNH:1
FNDA:1,(anonymous_1)
FNDA:0,(anonymous_2)
FNDA:0,(anonymous_3)
DA:2,1
DA:3,1
DA:4,1
DA:5,0
DA:7,0
DA:8,0
DA:12,1
LF:7
LH:4
BRF:0
BRH:0
end_of_record
TN:
SF:/Users/jonathanfmills/Documents/Pluralsight/courses/Mocha/course/Module 5/GitChecker/gitChecker/services/gitService.js
FN:4,(anonymous_1)
FN:5,(anonymous_2)
FN:12,(anonymous_3)
FN:15,(anonymous_4)
FN:20,(anonymous_5)
FN:28,(anonymous_6)
FN:29,(anonymous_7)
FN:37,(anonymous_8)
FN:41,(anonymous_9)
FN:46,(anonymous_10)
FN:48,(anonymous_11)
FNF:11
FNH:11
FNDA:2,(anonymous_1)
FNDA:1,(anonymous_2)
FNDA:1,(anonymous_3)
FNDA:1,(anonymous_4)
FNDA:1,(anonymous_5)
FNDA:1,(anonymous_6)
FNDA:1,(anonymous_7)
FNDA:1,(anonymous_8)
FNDA:1,(anonymous_9)
FNDA:1,(anonymous_10)
FNDA:1,(anonymous_11)
DA:1,1
DA:4,1
DA:5,2
DA:6,1
DA:12,1
DA:13,1
DA:15,1
DA:16,1
DA:19,1
DA:21,1
DA:26,1
DA:28,2
DA:29,1
DA:31,1
DA:37,1
DA:39,1
DA:41,1
DA:43,1
DA:46,1
DA:47,1
DA:48,1
DA:50,1
DA:51,1
DA:55,1
DA:56,0
DA:61,1
DA:65,2
LF:27
LH:26
BRF:0
BRH:0
end_of_record
